Requirement already satisfied: Cython==3.2.4 in ./conda_env/lib/python3.11/site-packages (from -r requirements.txt (line 1)) (3.2.4)
Requirement already satisfied: pygame==2.6.1 in ./conda_env/lib/python3.11/site-packages (from -r requirements.txt (line 2)) (2.6.1)
Requirement already satisfied: setuptools==82.0.1 in ./conda_env/lib/python3.11/site-packages (from -r requirements.txt (line 3)) (82.0.1)
Requirement already satisfied: snakeviz==2.2.2 in ./conda_env/lib/python3.11/site-packages (from -r requirements.txt (line 4)) (2.2.2)
Requirement already satisfied: tornado==6.5.4 in ./conda_env/lib/python3.11/site-packages (from -r requirements.txt (line 5)) (6.5.4)
Ensuring Cython core components are compiled...
running build_ext
copying build/lib.linux-x86_64-cpython-311/nonaga_board.cpython-311-x86_64-linux-gnu.so -> 
copying build/lib.linux-x86_64-cpython-311/nonaga_logic.cpython-311-x86_64-linux-gnu.so -> 
copying build/lib.linux-x86_64-cpython-311/AI.cpython-311-x86_64-linux-gnu.so -> 
Cython files compiled successfully.
Initializing Modular GA...
[SLURM] Running parallel backend with 16 workers.
Running GA optimization...
Error importing Nonaga modules: No module named 'AI'
Error importing Nonaga modules: No module named 'AI'
Error importing Nonaga modules: No module named 'AI'
Error importing Nonaga modules: No module named 'AI'
Error importing Nonaga modules: No module named 'AI'
Error importing Nonaga modules: No module named 'AI'Error importing Nonaga modules: No module named 'AI'

Error importing Nonaga modules: No module named 'AI'
Error importing Nonaga modules: No module named 'AI'
Error importing Nonaga modules: No module named 'AI'
Error importing Nonaga modules: No module named 'AI'
Error importing Nonaga modules: No module named 'AI'
Error importing Nonaga modules: No module named 'AI'
Error importing Nonaga modules: No module named 'AI'
Error importing Nonaga modules: No module named 'AI'
Error importing Nonaga modules: No module named 'AI'
Error importing Nonaga modules: No module named 'AI'
Error importing Nonaga modules: No module named 'AI'
Error importing Nonaga modules: No module named 'AI'
Error importing Nonaga modules: No module named 'AI'
Gen 0 | Best: 0.00 | Avg: 0.00 | Worst: 0.00
Error importing Nonaga modules: No module named 'AI'
Error importing Nonaga modules: No module named 'AI'
Error importing Nonaga modules: No module named 'AI'
Error importing Nonaga modules: No module named 'AI'
Error importing Nonaga modules: No module named 'AI'
Error importing Nonaga modules: No module named 'AI'Error importing Nonaga modules: No module named 'AI'

Error importing Nonaga modules: No module named 'AI'
Error importing Nonaga modules: No module named 'AI'
Error importing Nonaga modules: No module named 'AI'
Error importing Nonaga modules: No module named 'AI'
Error importing Nonaga modules: No module named 'AI'
Error importing Nonaga modules: No module named 'AI'
Error importing Nonaga modules: No module named 'AI'
Error importing Nonaga modules: No module named 'AI'
Error importing Nonaga modules: No module named 'AI'
Error importing Nonaga modules: No module named 'AI'
Error importing Nonaga modules: No module named 'AI'
Error importing Nonaga modules: No module named 'AI'
Error importing Nonaga modules: No module named 'AI'
Gen 1 | Best: 0.00 | Avg: 0.00 | Worst: 0.00
Error importing Nonaga modules: No module named 'AI'
Error importing Nonaga modules: No module named 'AI'
Error importing Nonaga modules: No module named 'AI'
Error importing Nonaga modules: No module named 'AI'
Error importing Nonaga modules: No module named 'AI'
Error importing Nonaga modules: No module named 'AI'
Error importing Nonaga modules: No module named 'AI'
Error importing Nonaga modules: No module named 'AI'
Error importing Nonaga modules: No module named 'AI'
Error importing Nonaga modules: No module named 'AI'
Error importing Nonaga modules: No module named 'AI'
Error importing Nonaga modules: No module named 'AI'Error importing Nonaga modules: No module named 'AI'

Error importing Nonaga modules: No module named 'AI'
Error importing Nonaga modules: No module named 'AI'
Error importing Nonaga modules: No module named 'AI'
Error importing Nonaga modules: No module named 'AI'
Error importing Nonaga modules: No module named 'AI'
Error importing Nonaga modules: No module named 'AI'
Error importing Nonaga modules: No module named 'AI'
Gen 2 | Best: 0.00 | Avg: 0.00 | Worst: 0.00
Error importing Nonaga modules: No module named 'AI'
Error importing Nonaga modules: No module named 'AI'
Error importing Nonaga modules: No module named 'AI'
Error importing Nonaga modules: No module named 'AI'
Error importing Nonaga modules: No module named 'AI'
Error importing Nonaga modules: No module named 'AI'
Error importing Nonaga modules: No module named 'AI'
Error importing Nonaga modules: No module named 'AI'
Error importing Nonaga modules: No module named 'AI'
Error importing Nonaga modules: No module named 'AI'
Error importing Nonaga modules: No module named 'AI'
Error importing Nonaga modules: No module named 'AI'
Error importing Nonaga modules: No module named 'AI'
Error importing Nonaga modules: No module named 'AI'
Error importing Nonaga modules: No module named 'AI'
Error importing Nonaga modules: No module named 'AI'
Error importing Nonaga modules: No module named 'AI'
Error importing Nonaga modules: No module named 'AI'
Error importing Nonaga modules: No module named 'AI'
Error importing Nonaga modules: No module named 'AI'
Gen 3 | Best: 0.00 | Avg: 0.00 | Worst: 0.00
Error importing Nonaga modules: No module named 'AI'
Error importing Nonaga modules: No module named 'AI'Error importing Nonaga modules: No module named 'AI'

Error importing Nonaga modules: No module named 'AI'
Error importing Nonaga modules: No module named 'AI'
Error importing Nonaga modules: No module named 'AI'
Error importing Nonaga modules: No module named 'AI'
Error importing Nonaga modules: No module named 'AI'
Error importing Nonaga modules: No module named 'AI'
Error importing Nonaga modules: No module named 'AI'
Error importing Nonaga modules: No module named 'AI'
Error importing Nonaga modules: No module named 'AI'
Error importing Nonaga modules: No module named 'AI'
Error importing Nonaga modules: No module named 'AI'
Error importing Nonaga modules: No module named 'AI'
Error importing Nonaga modules: No module named 'AI'
Error importing Nonaga modules: No module named 'AI'
Error importing Nonaga modules: No module named 'AI'
Error importing Nonaga modules: No module named 'AI'
Error importing Nonaga modules: No module named 'AI'
Gen 4 | Best: 0.00 | Avg: 0.00 | Worst: 0.00
Error importing Nonaga modules: No module named 'AI'
Error importing Nonaga modules: No module named 'AI'
Error importing Nonaga modules: No module named 'AI'
Error importing Nonaga modules: No module named 'AI'
Error importing Nonaga modules: No module named 'AI'
Error importing Nonaga modules: No module named 'AI'
Error importing Nonaga modules: No module named 'AI'
Error importing Nonaga modules: No module named 'AI'
Error importing Nonaga modules: No module named 'AI'
Error importing Nonaga modules: No module named 'AI'
Error importing Nonaga modules: No module named 'AI'
Error importing Nonaga modules: No module named 'AI'
Error importing Nonaga modules: No module named 'AI'
Error importing Nonaga modules: No module named 'AI'
Error importing Nonaga modules: No module named 'AI'
Error importing Nonaga modules: No module named 'AI'
Error importing Nonaga modules: No module named 'AI'Error importing Nonaga modules: No module named 'AI'

Error importing Nonaga modules: No module named 'AI'
Error importing Nonaga modules: No module named 'AI'
Gen 5 | Best: 0.00 | Avg: 0.00 | Worst: 0.00
Error importing Nonaga modules: No module named 'AI'
Error importing Nonaga modules: No module named 'AI'
Error importing Nonaga modules: No module named 'AI'Error importing Nonaga modules: No module named 'AI'

Error importing Nonaga modules: No module named 'AI'Error importing Nonaga modules: No module named 'AI'Error importing Nonaga modules: No module named 'AI'


Error importing Nonaga modules: No module named 'AI'
Error importing Nonaga modules: No module named 'AI'
Error importing Nonaga modules: No module named 'AI'
Error importing Nonaga modules: No module named 'AI'
Error importing Nonaga modules: No module named 'AI'
Error importing Nonaga modules: No module named 'AI'
Error importing Nonaga modules: No module named 'AI'
Error importing Nonaga modules: No module named 'AI'
Error importing Nonaga modules: No module named 'AI'
Error importing Nonaga modules: No module named 'AI'
Error importing Nonaga modules: No module named 'AI'
Error importing Nonaga modules: No module named 'AI'
Error importing Nonaga modules: No module named 'AI'
Gen 6 | Best: 0.00 | Avg: 0.00 | Worst: 0.00
Error importing Nonaga modules: No module named 'AI'
Error importing Nonaga modules: No module named 'AI'
Error importing Nonaga modules: No module named 'AI'
Error importing Nonaga modules: No module named 'AI'
Error importing Nonaga modules: No module named 'AI'
Error importing Nonaga modules: No module named 'AI'
Error importing Nonaga modules: No module named 'AI'
Error importing Nonaga modules: No module named 'AI'
Error importing Nonaga modules: No module named 'AI'
Error importing Nonaga modules: No module named 'AI'
Error importing Nonaga modules: No module named 'AI'
Error importing Nonaga modules: No module named 'AI'
Error importing Nonaga modules: No module named 'AI'
Error importing Nonaga modules: No module named 'AI'
Error importing Nonaga modules: No module named 'AI'Error importing Nonaga modules: No module named 'AI'

Error importing Nonaga modules: No module named 'AI'
Error importing Nonaga modules: No module named 'AI'
Error importing Nonaga modules: No module named 'AI'
Error importing Nonaga modules: No module named 'AI'
Gen 7 | Best: 0.00 | Avg: 0.00 | Worst: 0.00
Error importing Nonaga modules: No module named 'AI'
Error importing Nonaga modules: No module named 'AI'
Error importing Nonaga modules: No module named 'AI'
Error importing Nonaga modules: No module named 'AI'
Error importing Nonaga modules: No module named 'AI'
Error importing Nonaga modules: No module named 'AI'
Error importing Nonaga modules: No module named 'AI'
Error importing Nonaga modules: No module named 'AI'
Error importing Nonaga modules: No module named 'AI'
Error importing Nonaga modules: No module named 'AI'
Error importing Nonaga modules: No module named 'AI'
Error importing Nonaga modules: No module named 'AI'
Error importing Nonaga modules: No module named 'AI'
Error importing Nonaga modules: No module named 'AI'
Error importing Nonaga modules: No module named 'AI'
Error importing Nonaga modules: No module named 'AI'
Error importing Nonaga modules: No module named 'AI'
Error importing Nonaga modules: No module named 'AI'
Error importing Nonaga modules: No module named 'AI'
Error importing Nonaga modules: No module named 'AI'
Gen 8 | Best: 0.00 | Avg: 0.00 | Worst: 0.00
Error importing Nonaga modules: No module named 'AI'
Error importing Nonaga modules: No module named 'AI'
Error importing Nonaga modules: No module named 'AI'
Error importing Nonaga modules: No module named 'AI'
Error importing Nonaga modules: No module named 'AI'
Error importing Nonaga modules: No module named 'AI'
Error importing Nonaga modules: No module named 'AI'
Error importing Nonaga modules: No module named 'AI'
Error importing Nonaga modules: No module named 'AI'
Error importing Nonaga modules: No module named 'AI'
Error importing Nonaga modules: No module named 'AI'
Error importing Nonaga modules: No module named 'AI'
Error importing Nonaga modules: No module named 'AI'
Error importing Nonaga modules: No module named 'AI'
Error importing Nonaga modules: No module named 'AI'
Error importing Nonaga modules: No module named 'AI'
Error importing Nonaga modules: No module named 'AI'
Error importing Nonaga modules: No module named 'AI'
Error importing Nonaga modules: No module named 'AI'
Error importing Nonaga modules: No module named 'AI'
Gen 9 | Best: 0.00 | Avg: 0.00 | Worst: 0.00
Error importing Nonaga modules: No module named 'AI'
Error importing Nonaga modules: No module named 'AI'
Error importing Nonaga modules: No module named 'AI'
Error importing Nonaga modules: No module named 'AI'
Error importing Nonaga modules: No module named 'AI'
Error importing Nonaga modules: No module named 'AI'
Error importing Nonaga modules: No module named 'AI'
Error importing Nonaga modules: No module named 'AI'
Error importing Nonaga modules: No module named 'AI'
Error importing Nonaga modules: No module named 'AI'
Error importing Nonaga modules: No module named 'AI'Error importing Nonaga modules: No module named 'AI'

Error importing Nonaga modules: No module named 'AI'
Error importing Nonaga modules: No module named 'AI'
Error importing Nonaga modules: No module named 'AI'Error importing Nonaga modules: No module named 'AI'

Error importing Nonaga modules: No module named 'AI'
Error importing Nonaga modules: No module named 'AI'
Error importing Nonaga modules: No module named 'AI'
Error importing Nonaga modules: No module named 'AI'
Gen 10 | Best: 0.00 | Avg: 0.00 | Worst: 0.00
Error importing Nonaga modules: No module named 'AI'
Error importing Nonaga modules: No module named 'AI'
Error importing Nonaga modules: No module named 'AI'
Error importing Nonaga modules: No module named 'AI'
Error importing Nonaga modules: No module named 'AI'
Error importing Nonaga modules: No module named 'AI'
Error importing Nonaga modules: No module named 'AI'
Error importing Nonaga modules: No module named 'AI'
Error importing Nonaga modules: No module named 'AI'
Error importing Nonaga modules: No module named 'AI'
Error importing Nonaga modules: No module named 'AI'
Error importing Nonaga modules: No module named 'AI'
Error importing Nonaga modules: No module named 'AI'
Error importing Nonaga modules: No module named 'AI'
Error importing Nonaga modules: No module named 'AI'
Error importing Nonaga modules: No module named 'AI'
Error importing Nonaga modules: No module named 'AI'
Error importing Nonaga modules: No module named 'AI'
Error importing Nonaga modules: No module named 'AI'
Error importing Nonaga modules: No module named 'AI'
Gen 11 | Best: 0.00 | Avg: 0.00 | Worst: 0.00
Error importing Nonaga modules: No module named 'AI'
Error importing Nonaga modules: No module named 'AI'
Error importing Nonaga modules: No module named 'AI'
Error importing Nonaga modules: No module named 'AI'
Error importing Nonaga modules: No module named 'AI'
Error importing Nonaga modules: No module named 'AI'
Error importing Nonaga modules: No module named 'AI'
Error importing Nonaga modules: No module named 'AI'
Error importing Nonaga modules: No module named 'AI'
Error importing Nonaga modules: No module named 'AI'
Error importing Nonaga modules: No module named 'AI'
Error importing Nonaga modules: No module named 'AI'
Error importing Nonaga modules: No module named 'AI'
Error importing Nonaga modules: No module named 'AI'
Error importing Nonaga modules: No module named 'AI'
Error importing Nonaga modules: No module named 'AI'
Error importing Nonaga modules: No module named 'AI'
Error importing Nonaga modules: No module named 'AI'
Error importing Nonaga modules: No module named 'AI'
Error importing Nonaga modules: No module named 'AI'
Gen 12 | Best: 0.00 | Avg: 0.00 | Worst: 0.00
Error importing Nonaga modules: No module named 'AI'
Error importing Nonaga modules: No module named 'AI'
Error importing Nonaga modules: No module named 'AI'
Error importing Nonaga modules: No module named 'AI'
Error importing Nonaga modules: No module named 'AI'
Error importing Nonaga modules: No module named 'AI'
Error importing Nonaga modules: No module named 'AI'
Error importing Nonaga modules: No module named 'AI'
Error importing Nonaga modules: No module named 'AI'
Error importing Nonaga modules: No module named 'AI'
Error importing Nonaga modules: No module named 'AI'
Error importing Nonaga modules: No module named 'AI'Error importing Nonaga modules: No module named 'AI'

Error importing Nonaga modules: No module named 'AI'
Error importing Nonaga modules: No module named 'AI'
Error importing Nonaga modules: No module named 'AI'Error importing Nonaga modules: No module named 'AI'

Error importing Nonaga modules: No module named 'AI'
Error importing Nonaga modules: No module named 'AI'
Error importing Nonaga modules: No module named 'AI'
Gen 13 | Best: 0.00 | Avg: 0.00 | Worst: 0.00
Error importing Nonaga modules: No module named 'AI'
Error importing Nonaga modules: No module named 'AI'
Error importing Nonaga modules: No module named 'AI'
Error importing Nonaga modules: No module named 'AI'
Error importing Nonaga modules: No module named 'AI'Error importing Nonaga modules: No module named 'AI'

Error importing Nonaga modules: No module named 'AI'
Error importing Nonaga modules: No module named 'AI'Error importing Nonaga modules: No module named 'AI'

Error importing Nonaga modules: No module named 'AI'
Error importing Nonaga modules: No module named 'AI'
Error importing Nonaga modules: No module named 'AI'
Error importing Nonaga modules: No module named 'AI'
Error importing Nonaga modules: No module named 'AI'
Error importing Nonaga modules: No module named 'AI'
Error importing Nonaga modules: No module named 'AI'
Error importing Nonaga modules: No module named 'AI'
Error importing Nonaga modules: No module named 'AI'
Error importing Nonaga modules: No module named 'AI'
Error importing Nonaga modules: No module named 'AI'
Gen 14 | Best: 0.00 | Avg: 0.00 | Worst: 0.00
Error importing Nonaga modules: No module named 'AI'
Error importing Nonaga modules: No module named 'AI'Error importing Nonaga modules: No module named 'AI'

Error importing Nonaga modules: No module named 'AI'
Error importing Nonaga modules: No module named 'AI'
Error importing Nonaga modules: No module named 'AI'
Error importing Nonaga modules: No module named 'AI'
Error importing Nonaga modules: No module named 'AI'
Error importing Nonaga modules: No module named 'AI'
Error importing Nonaga modules: No module named 'AI'
Error importing Nonaga modules: No module named 'AI'
Error importing Nonaga modules: No module named 'AI'
Error importing Nonaga modules: No module named 'AI'
Error importing Nonaga modules: No module named 'AI'
Error importing Nonaga modules: No module named 'AI'
Error importing Nonaga modules: No module named 'AI'
Error importing Nonaga modules: No module named 'AI'
Error importing Nonaga modules: No module named 'AI'
Error importing Nonaga modules: No module named 'AI'
Error importing Nonaga modules: No module named 'AI'
Gen 15 | Best: 0.00 | Avg: 0.00 | Worst: 0.00
Error importing Nonaga modules: No module named 'AI'
Error importing Nonaga modules: No module named 'AI'
Error importing Nonaga modules: No module named 'AI'
Error importing Nonaga modules: No module named 'AI'
Error importing Nonaga modules: No module named 'AI'
Error importing Nonaga modules: No module named 'AI'
Error importing Nonaga modules: No module named 'AI'
Error importing Nonaga modules: No module named 'AI'
Error importing Nonaga modules: No module named 'AI'
Error importing Nonaga modules: No module named 'AI'
Error importing Nonaga modules: No module named 'AI'
Error importing Nonaga modules: No module named 'AI'
Error importing Nonaga modules: No module named 'AI'
Error importing Nonaga modules: No module named 'AI'
Error importing Nonaga modules: No module named 'AI'
Error importing Nonaga modules: No module named 'AI'
Error importing Nonaga modules: No module named 'AI'
Error importing Nonaga modules: No module named 'AI'
Error importing Nonaga modules: No module named 'AI'
Error importing Nonaga modules: No module named 'AI'
Gen 16 | Best: 0.00 | Avg: 0.00 | Worst: 0.00
Error importing Nonaga modules: No module named 'AI'
Error importing Nonaga modules: No module named 'AI'
Error importing Nonaga modules: No module named 'AI'
Error importing Nonaga modules: No module named 'AI'
Error importing Nonaga modules: No module named 'AI'
Error importing Nonaga modules: No module named 'AI'Error importing Nonaga modules: No module named 'AI'

Error importing Nonaga modules: No module named 'AI'
Error importing Nonaga modules: No module named 'AI'
Error importing Nonaga modules: No module named 'AI'
Error importing Nonaga modules: No module named 'AI'
Error importing Nonaga modules: No module named 'AI'
Error importing Nonaga modules: No module named 'AI'
Error importing Nonaga modules: No module named 'AI'
Error importing Nonaga modules: No module named 'AI'
Error importing Nonaga modules: No module named 'AI'
Error importing Nonaga modules: No module named 'AI'
Error importing Nonaga modules: No module named 'AI'
Error importing Nonaga modules: No module named 'AI'
Error importing Nonaga modules: No module named 'AI'
Gen 17 | Best: 0.00 | Avg: 0.00 | Worst: 0.00
Error importing Nonaga modules: No module named 'AI'
Error importing Nonaga modules: No module named 'AI'
Error importing Nonaga modules: No module named 'AI'
Error importing Nonaga modules: No module named 'AI'
Error importing Nonaga modules: No module named 'AI'
Error importing Nonaga modules: No module named 'AI'Error importing Nonaga modules: No module named 'AI'

Error importing Nonaga modules: No module named 'AI'
Error importing Nonaga modules: No module named 'AI'Error importing Nonaga modules: No module named 'AI'

Error importing Nonaga modules: No module named 'AI'
Error importing Nonaga modules: No module named 'AI'
Error importing Nonaga modules: No module named 'AI'
Error importing Nonaga modules: No module named 'AI'
Error importing Nonaga modules: No module named 'AI'
Error importing Nonaga modules: No module named 'AI'
Error importing Nonaga modules: No module named 'AI'
Error importing Nonaga modules: No module named 'AI'
Error importing Nonaga modules: No module named 'AI'
Error importing Nonaga modules: No module named 'AI'
Gen 18 | Best: 0.00 | Avg: 0.00 | Worst: 0.00
Error importing Nonaga modules: No module named 'AI'
Error importing Nonaga modules: No module named 'AI'
Error importing Nonaga modules: No module named 'AI'Error importing Nonaga modules: No module named 'AI'

Error importing Nonaga modules: No module named 'AI'
Error importing Nonaga modules: No module named 'AI'
Error importing Nonaga modules: No module named 'AI'
Error importing Nonaga modules: No module named 'AI'
Error importing Nonaga modules: No module named 'AI'Error importing Nonaga modules: No module named 'AI'

Error importing Nonaga modules: No module named 'AI'
Error importing Nonaga modules: No module named 'AI'Error importing Nonaga modules: No module named 'AI'

Error importing Nonaga modules: No module named 'AI'
Error importing Nonaga modules: No module named 'AI'
Error importing Nonaga modules: No module named 'AI'
Error importing Nonaga modules: No module named 'AI'
Error importing Nonaga modules: No module named 'AI'
Error importing Nonaga modules: No module named 'AI'
Error importing Nonaga modules: No module named 'AI'
Gen 19 | Best: 0.00 | Avg: 0.00 | Worst: 0.00

Optimization Complete. View ga_metrics.csv for generation logs.
